<?xml version="1.0" encoding="UTF-8"?>
<!-- Generated by org.testng.reporters.JUnitXMLReporter -->
<testsuite hostname="DESKTOP-8HC3KF0" ignored="0" name="Test" tests="10" failures="0" timestamp="2021-09-25T19:45:13 IST" time="86.946" errors="0">
  <testcase name="Login" time="11.972" classname="com.urbanladder.runner.Runner"/>
  <testcase name="DiningTable" time="3.498" classname="com.urbanladder.runner.Runner"/>
  <testcase name="Sale" time="11.278" classname="com.urbanladder.runner.Runner"/>
  <testcase name="Living" time="8.482" classname="com.urbanladder.runner.Runner"/>
  <testcase name="Bedroom" time="8.52" classname="com.urbanladder.runner.Runner"/>
  <testcase name="Storage" time="8.68" classname="com.urbanladder.runner.Runner"/>
  <testcase name="Study" time="8.236" classname="com.urbanladder.runner.Runner"/>
  <testcase name="Kids" time="8.221" classname="com.urbanladder.runner.Runner"/>
  <testcase name="GiftCard" time="9.582" classname="com.urbanladder.runner.Runner"/>
  <testcase name="BulkOrder" time="2.461" classname="com.urbanladder.runner.Runner"/>
</testsuite> <!-- Test -->
